<?xml version="1.0" encoding="UTF-8"?>
<!-- Generated by org.testng.reporters.JUnitReportReporter -->
<testsuite hostname="Prashanths-MacBook-Pro-3.local" name="org.TestNGM" tests="2" failures="0" timestamp="5 Dec 2016 00:40:32 GMT" time="10.364" errors="0">
  <testcase name="test01" time="4.782" classname="org.TestNGM"/>
  <testcase name="test02" time="5.582" classname="org.TestNGM"/>
</testsuite> <!-- org.TestNGM -->
